# Logfile created on 2011-02-25 17:07:55 -0300 by logger.rb/25413
REQUESTING PAGE: GET /pasajeros with {} and HTTP headers {}
REQUESTING PAGE: GET /movimientos with {} and HTTP headers {}
REQUESTING PAGE: GET /cotizaciones with {} and HTTP headers {}
REQUESTING PAGE: GET /entidades with {} and HTTP headers {}
REQUESTING PAGE: GET /reservas with {} and HTTP headers {}
REQUESTING PAGE: GET /pasajeros with {} and HTTP headers {}
REQUESTING PAGE: GET /movimientos with {} and HTTP headers {}
REQUESTING PAGE: GET /cotizaciones with {} and HTTP headers {}
REQUESTING PAGE: GET /entidades with {} and HTTP headers {}
REQUESTING PAGE: GET /reservas with {} and HTTP headers {}
REQUESTING PAGE: GET /pasajeros with {} and HTTP headers {}
REQUESTING PAGE: GET /movimientos with {} and HTTP headers {}
REQUESTING PAGE: GET /cotizaciones with {} and HTTP headers {}
REQUESTING PAGE: GET /entidades with {} and HTTP headers {}
REQUESTING PAGE: GET /reservas with {} and HTTP headers {}
REQUESTING PAGE: GET /cotizaciones with {} and HTTP headers {}
REQUESTING PAGE: GET /entidades with {} and HTTP headers {}
REQUESTING PAGE: GET /movimientos with {} and HTTP headers {}
REQUESTING PAGE: GET /pasajeros with {} and HTTP headers {}
REQUESTING PAGE: GET /reservas with {} and HTTP headers {}
REQUESTING PAGE: GET /cotizaciones with {} and HTTP headers {}
REQUESTING PAGE: GET /entidades with {} and HTTP headers {}
REQUESTING PAGE: GET /movimientos with {} and HTTP headers {}
REQUESTING PAGE: GET /pasajeros with {} and HTTP headers {}
REQUESTING PAGE: GET /reservas with {} and HTTP headers {}
REQUESTING PAGE: GET /cotizaciones with {} and HTTP headers {}
REQUESTING PAGE: GET /entidades with {} and HTTP headers {}
REQUESTING PAGE: GET /movimientos with {} and HTTP headers {}
REQUESTING PAGE: GET /pasajeros with {} and HTTP headers {}
REQUESTING PAGE: GET /reservas with {} and HTTP headers {}
REQUESTING PAGE: GET /cotizaciones with {} and HTTP headers {}
REQUESTING PAGE: GET /entidades with {} and HTTP headers {}
REQUESTING PAGE: GET /movimientos with {} and HTTP headers {}
REQUESTING PAGE: GET /pasajeros with {} and HTTP headers {}
REQUESTING PAGE: GET /reservas with {} and HTTP headers {}
REQUESTING PAGE: GET /cotizaciones with {} and HTTP headers {}
REQUESTING PAGE: GET /entidades with {} and HTTP headers {}
REQUESTING PAGE: GET /movimientos with {} and HTTP headers {}
REQUESTING PAGE: GET /pasajeros with {} and HTTP headers {}
REQUESTING PAGE: GET /reservas with {} and HTTP headers {}
REQUESTING PAGE: GET /cotizaciones with {} and HTTP headers {}
REQUESTING PAGE: GET /entidades with {} and HTTP headers {}
REQUESTING PAGE: GET /movimientos with {} and HTTP headers {}
REQUESTING PAGE: GET /pasajeros with {} and HTTP headers {}
REQUESTING PAGE: GET /reservas with {} and HTTP headers {}
REQUESTING PAGE: GET /cotizaciones with {} and HTTP headers {}
REQUESTING PAGE: GET /entidades with {} and HTTP headers {}
REQUESTING PAGE: GET /movimientos with {} and HTTP headers {}
REQUESTING PAGE: GET /pasajeros with {} and HTTP headers {}
REQUESTING PAGE: GET /reservas with {} and HTTP headers {}
REQUESTING PAGE: GET /cotizaciones with {} and HTTP headers {}
REQUESTING PAGE: GET /entidades with {} and HTTP headers {}
REQUESTING PAGE: GET /movimientos with {} and HTTP headers {}
REQUESTING PAGE: GET /pasajeros with {} and HTTP headers {}
REQUESTING PAGE: GET /reservas with {} and HTTP headers {}
REQUESTING PAGE: GET /pasajeros with {} and HTTP headers {}
REQUESTING PAGE: GET /movimientos with {} and HTTP headers {}
REQUESTING PAGE: GET /cotizaciones with {} and HTTP headers {}
REQUESTING PAGE: GET /entidades with {} and HTTP headers {}
REQUESTING PAGE: GET /reservas with {} and HTTP headers {}
REQUESTING PAGE: GET /pasajeros with {} and HTTP headers {}
REQUESTING PAGE: GET /movimientos with {} and HTTP headers {}
REQUESTING PAGE: GET /cotizaciones with {} and HTTP headers {}
REQUESTING PAGE: GET /entidades with {} and HTTP headers {}
REQUESTING PAGE: GET /reservas with {} and HTTP headers {}
REQUESTING PAGE: GET /pasajeros with {} and HTTP headers {}
REQUESTING PAGE: GET /movimientos with {} and HTTP headers {}
REQUESTING PAGE: GET /cotizaciones with {} and HTTP headers {}
REQUESTING PAGE: GET /entidades with {} and HTTP headers {}
REQUESTING PAGE: GET /reservas with {} and HTTP headers {}
